15.08.2024 - 20:35:51 - [TAB v4.1.7] An error was thrown when executing task
15.08.2024 - 20:35:51 - java.lang.IllegalStateException: This instance got discarded because plugin was reloaded. Obtain a new instance.
15.08.2024 - 20:35:51 - 	at TAB v4.1.7.jar//me.neznamy.tab.shared.features.types.TabFeature.ensureActive(TabFeature.java:26)
15.08.2024 - 20:35:51 - 	at TAB v4.1.7.jar//me.neznamy.tab.shared.features.PlaceholderManagerImpl.getPlaceholder(PlaceholderManagerImpl.java:385)
15.08.2024 - 20:35:51 - 	at TAB v4.1.7.jar//me.neznamy.tab.shared.Property.update(Property.java:237)
15.08.2024 - 20:35:51 - 	at TAB v4.1.7.jar//me.neznamy.tab.shared.Property.updateAndGet(Property.java:220)
15.08.2024 - 20:35:51 - 	at TAB v4.1.7.jar//me.neznamy.tab.shared.features.HeaderFooter.refresh(HeaderFooter.java:87)
15.08.2024 - 20:35:51 - 	at TAB v4.1.7.jar//me.neznamy.tab.shared.features.PlaceholderManagerImpl.refreshFeatures(PlaceholderManagerImpl.java:108)
15.08.2024 - 20:35:51 - 	at TAB v4.1.7.jar//me.neznamy.tab.shared.features.PlaceholderManagerImpl.processRefreshResults(PlaceholderManagerImpl.java:101)
15.08.2024 - 20:35:51 - 	at TAB v4.1.7.jar//me.neznamy.tab.shared.features.PlaceholderManagerImpl.lambda$refresh$0(PlaceholderManagerImpl.java:88)
15.08.2024 - 20:35:51 - 	at TAB v4.1.7.jar//me.neznamy.tab.shared.cpu.CpuManager.run(CpuManager.java:171)
15.08.2024 - 20:35:51 - 	at TAB v4.1.7.jar//me.neznamy.tab.shared.cpu.CpuManager.lambda$submit$1(CpuManager.java:96)
15.08.2024 - 20:35:51 - 	at java.base/java.util.concurrent.Executors$RunnableAdapter.call(Executors.java:572)
15.08.2024 - 20:35:51 - 	at java.base/java.util.concurrent.FutureTask.run(FutureTask.java:317)
15.08.2024 - 20:35:51 - 	at java.base/java.util.concurrent.ScheduledThreadPoolExecutor$ScheduledFutureTask.run(ScheduledThreadPoolExecutor.java:304)
15.08.2024 - 20:35:51 - 	at java.base/java.util.concurrent.ThreadPoolExecutor.runWorker(ThreadPoolExecutor.java:1144)
15.08.2024 - 20:35:51 - 	at java.base/java.util.concurrent.ThreadPoolExecutor$Worker.run(ThreadPoolExecutor.java:642)
15.08.2024 - 20:35:51 - 	at java.base/java.lang.Thread.run(Thread.java:1583)
15.08.2024 - 20:42:28 - [TAB v4.1.7] An error was thrown when executing task
15.08.2024 - 20:42:28 - java.lang.IllegalStateException: This instance got discarded because plugin was reloaded. Obtain a new instance.
15.08.2024 - 20:42:28 - 	at TAB v4.1.7.jar//me.neznamy.tab.shared.features.types.TabFeature.ensureActive(TabFeature.java:26)
15.08.2024 - 20:42:28 - 	at TAB v4.1.7.jar//me.neznamy.tab.shared.features.PlaceholderManagerImpl.getPlaceholder(PlaceholderManagerImpl.java:385)
15.08.2024 - 20:42:28 - 	at TAB v4.1.7.jar//me.neznamy.tab.shared.placeholders.types.TabPlaceholder.setPlaceholders(TabPlaceholder.java:134)
15.08.2024 - 20:42:28 - 	at TAB v4.1.7.jar//me.neznamy.tab.shared.placeholders.types.PlayerPlaceholderImpl.hasValueChanged(PlayerPlaceholderImpl.java:74)
15.08.2024 - 20:42:28 - 	at TAB v4.1.7.jar//me.neznamy.tab.shared.features.PlaceholderManagerImpl.updatePlayerPlaceholders(PlaceholderManagerImpl.java:152)
15.08.2024 - 20:42:28 - 	at TAB v4.1.7.jar//me.neznamy.tab.shared.features.PlaceholderManagerImpl.processRefreshResults(PlaceholderManagerImpl.java:96)
15.08.2024 - 20:42:28 - 	at TAB v4.1.7.jar//me.neznamy.tab.shared.features.PlaceholderManagerImpl.lambda$refresh$0(PlaceholderManagerImpl.java:88)
15.08.2024 - 20:42:28 - 	at TAB v4.1.7.jar//me.neznamy.tab.shared.cpu.CpuManager.run(CpuManager.java:171)
15.08.2024 - 20:42:28 - 	at TAB v4.1.7.jar//me.neznamy.tab.shared.cpu.CpuManager.lambda$submit$1(CpuManager.java:96)
15.08.2024 - 20:42:28 - 	at java.base/java.util.concurrent.Executors$RunnableAdapter.call(Executors.java:572)
15.08.2024 - 20:42:28 - 	at java.base/java.util.concurrent.FutureTask.run(FutureTask.java:317)
15.08.2024 - 20:42:28 - 	at java.base/java.util.concurrent.ScheduledThreadPoolExecutor$ScheduledFutureTask.run(ScheduledThreadPoolExecutor.java:304)
15.08.2024 - 20:42:28 - 	at java.base/java.util.concurrent.ThreadPoolExecutor.runWorker(ThreadPoolExecutor.java:1144)
15.08.2024 - 20:42:28 - 	at java.base/java.util.concurrent.ThreadPoolExecutor$Worker.run(ThreadPoolExecutor.java:642)
15.08.2024 - 20:42:28 - 	at java.base/java.lang.Thread.run(Thread.java:1583)
15.08.2024 - 20:42:28 - [TAB v4.1.7] An error was thrown when executing task
15.08.2024 - 20:42:28 - java.lang.IllegalStateException: This instance got discarded because plugin was reloaded. Obtain a new instance.
15.08.2024 - 20:42:28 - 	at TAB v4.1.7.jar//me.neznamy.tab.shared.features.types.TabFeature.ensureActive(TabFeature.java:26)
15.08.2024 - 20:42:28 - 	at TAB v4.1.7.jar//me.neznamy.tab.shared.features.PlaceholderManagerImpl.getPlaceholder(PlaceholderManagerImpl.java:385)
15.08.2024 - 20:42:28 - 	at TAB v4.1.7.jar//me.neznamy.tab.shared.features.PlaceholderManagerImpl.getPlaceholderUsage(PlaceholderManagerImpl.java:314)
15.08.2024 - 20:42:28 - 	at TAB v4.1.7.jar//me.neznamy.tab.shared.features.PlaceholderManagerImpl.updatePlayerPlaceholders(PlaceholderManagerImpl.java:154)
15.08.2024 - 20:42:28 - 	at TAB v4.1.7.jar//me.neznamy.tab.shared.features.PlaceholderManagerImpl.processRefreshResults(PlaceholderManagerImpl.java:96)
15.08.2024 - 20:42:28 - 	at TAB v4.1.7.jar//me.neznamy.tab.shared.features.PlaceholderManagerImpl.lambda$refresh$0(PlaceholderManagerImpl.java:88)
15.08.2024 - 20:42:28 - 	at TAB v4.1.7.jar//me.neznamy.tab.shared.cpu.CpuManager.run(CpuManager.java:171)
15.08.2024 - 20:42:28 - 	at TAB v4.1.7.jar//me.neznamy.tab.shared.cpu.CpuManager.lambda$submit$1(CpuManager.java:96)
15.08.2024 - 20:42:28 - 	at java.base/java.util.concurrent.Executors$RunnableAdapter.call(Executors.java:572)
15.08.2024 - 20:42:28 - 	at java.base/java.util.concurrent.FutureTask.run(FutureTask.java:317)
15.08.2024 - 20:42:28 - 	at java.base/java.util.concurrent.ScheduledThreadPoolExecutor$ScheduledFutureTask.run(ScheduledThreadPoolExecutor.java:304)
15.08.2024 - 20:42:28 - 	at java.base/java.util.concurrent.ThreadPoolExecutor.runWorker(ThreadPoolExecutor.java:1144)
15.08.2024 - 20:42:28 - 	at java.base/java.util.concurrent.ThreadPoolExecutor$Worker.run(ThreadPoolExecutor.java:642)
15.08.2024 - 20:42:28 - 	at java.base/java.lang.Thread.run(Thread.java:1583)
15.08.2024 - 20:45:08 - [TAB v4.1.7] An error was thrown when executing task
15.08.2024 - 20:45:08 - java.lang.IllegalStateException: This instance got discarded because plugin was reloaded. Obtain a new instance.
15.08.2024 - 20:45:08 - 	at TAB v4.1.7.jar//me.neznamy.tab.shared.features.types.TabFeature.ensureActive(TabFeature.java:26)
15.08.2024 - 20:45:08 - 	at TAB v4.1.7.jar//me.neznamy.tab.shared.features.PlaceholderManagerImpl.getPlaceholder(PlaceholderManagerImpl.java:385)
15.08.2024 - 20:45:08 - 	at TAB v4.1.7.jar//me.neznamy.tab.shared.features.PlaceholderManagerImpl.getPlaceholderUsage(PlaceholderManagerImpl.java:314)
15.08.2024 - 20:45:08 - 	at TAB v4.1.7.jar//me.neznamy.tab.shared.features.PlaceholderManagerImpl.updatePlayerPlaceholders(PlaceholderManagerImpl.java:154)
15.08.2024 - 20:45:08 - 	at TAB v4.1.7.jar//me.neznamy.tab.shared.features.PlaceholderManagerImpl.processRefreshResults(PlaceholderManagerImpl.java:96)
15.08.2024 - 20:45:08 - 	at TAB v4.1.7.jar//me.neznamy.tab.shared.features.PlaceholderManagerImpl.lambda$refresh$0(PlaceholderManagerImpl.java:88)
15.08.2024 - 20:45:08 - 	at TAB v4.1.7.jar//me.neznamy.tab.shared.cpu.CpuManager.run(CpuManager.java:171)
15.08.2024 - 20:45:08 - 	at TAB v4.1.7.jar//me.neznamy.tab.shared.cpu.CpuManager.lambda$submit$1(CpuManager.java:96)
15.08.2024 - 20:45:08 - 	at java.base/java.util.concurrent.Executors$RunnableAdapter.call(Executors.java:572)
15.08.2024 - 20:45:08 - 	at java.base/java.util.concurrent.FutureTask.run(FutureTask.java:317)
15.08.2024 - 20:45:08 - 	at java.base/java.util.concurrent.ScheduledThreadPoolExecutor$ScheduledFutureTask.run(ScheduledThreadPoolExecutor.java:304)
15.08.2024 - 20:45:08 - 	at java.base/java.util.concurrent.ThreadPoolExecutor.runWorker(ThreadPoolExecutor.java:1144)
15.08.2024 - 20:45:08 - 	at java.base/java.util.concurrent.ThreadPoolExecutor$Worker.run(ThreadPoolExecutor.java:642)
15.08.2024 - 20:45:08 - 	at java.base/java.lang.Thread.run(Thread.java:1583)
15.08.2024 - 20:50:34 - [TAB v4.1.7] An error was thrown when executing task
15.08.2024 - 20:50:34 - java.lang.IllegalStateException: This instance got discarded because plugin was reloaded. Obtain a new instance.
15.08.2024 - 20:50:34 - 	at TAB v4.1.7.jar//me.neznamy.tab.shared.features.types.TabFeature.ensureActive(TabFeature.java:26)
15.08.2024 - 20:50:34 - 	at TAB v4.1.7.jar//me.neznamy.tab.shared.features.PlaceholderManagerImpl.getPlaceholder(PlaceholderManagerImpl.java:385)
15.08.2024 - 20:50:34 - 	at TAB v4.1.7.jar//me.neznamy.tab.shared.features.PlaceholderManagerImpl.getPlaceholderUsage(PlaceholderManagerImpl.java:314)
15.08.2024 - 20:50:34 - 	at TAB v4.1.7.jar//me.neznamy.tab.shared.features.PlaceholderManagerImpl.updateServerPlaceholders(PlaceholderManagerImpl.java:174)
15.08.2024 - 20:50:34 - 	at TAB v4.1.7.jar//me.neznamy.tab.shared.features.PlaceholderManagerImpl.processRefreshResults(PlaceholderManagerImpl.java:95)
15.08.2024 - 20:50:34 - 	at TAB v4.1.7.jar//me.neznamy.tab.shared.features.PlaceholderManagerImpl.lambda$refresh$0(PlaceholderManagerImpl.java:88)
15.08.2024 - 20:50:34 - 	at TAB v4.1.7.jar//me.neznamy.tab.shared.cpu.CpuManager.run(CpuManager.java:171)
15.08.2024 - 20:50:34 - 	at TAB v4.1.7.jar//me.neznamy.tab.shared.cpu.CpuManager.lambda$submit$1(CpuManager.java:96)
15.08.2024 - 20:50:34 - 	at java.base/java.util.concurrent.Executors$RunnableAdapter.call(Executors.java:572)
15.08.2024 - 20:50:34 - 	at java.base/java.util.concurrent.FutureTask.run(FutureTask.java:317)
15.08.2024 - 20:50:34 - 	at java.base/java.util.concurrent.ScheduledThreadPoolExecutor$ScheduledFutureTask.run(ScheduledThreadPoolExecutor.java:304)
15.08.2024 - 20:50:34 - 	at java.base/java.util.concurrent.ThreadPoolExecutor.runWorker(ThreadPoolExecutor.java:1144)
15.08.2024 - 20:50:34 - 	at java.base/java.util.concurrent.ThreadPoolExecutor$Worker.run(ThreadPoolExecutor.java:642)
15.08.2024 - 20:50:34 - 	at java.base/java.lang.Thread.run(Thread.java:1583)
15.08.2024 - 20:53:17 - [TAB v4.1.7] An error was thrown when executing task
15.08.2024 - 20:53:17 - java.lang.IllegalStateException: This instance got discarded because plugin was reloaded. Obtain a new instance.
15.08.2024 - 20:53:17 - 	at TAB v4.1.7.jar//me.neznamy.tab.shared.features.types.TabFeature.ensureActive(TabFeature.java:26)
15.08.2024 - 20:53:17 - 	at TAB v4.1.7.jar//me.neznamy.tab.shared.features.PlaceholderManagerImpl.getPlaceholder(PlaceholderManagerImpl.java:385)
15.08.2024 - 20:53:17 - 	at TAB v4.1.7.jar//me.neznamy.tab.shared.features.PlaceholderManagerImpl.getPlaceholderUsage(PlaceholderManagerImpl.java:314)
15.08.2024 - 20:53:17 - 	at TAB v4.1.7.jar//me.neznamy.tab.shared.features.PlaceholderManagerImpl.updatePlayerPlaceholders(PlaceholderManagerImpl.java:154)
15.08.2024 - 20:53:17 - 	at TAB v4.1.7.jar//me.neznamy.tab.shared.features.PlaceholderManagerImpl.processRefreshResults(PlaceholderManagerImpl.java:96)
15.08.2024 - 20:53:17 - 	at TAB v4.1.7.jar//me.neznamy.tab.shared.features.PlaceholderManagerImpl.lambda$refresh$0(PlaceholderManagerImpl.java:88)
15.08.2024 - 20:53:17 - 	at TAB v4.1.7.jar//me.neznamy.tab.shared.cpu.CpuManager.run(CpuManager.java:171)
15.08.2024 - 20:53:17 - 	at TAB v4.1.7.jar//me.neznamy.tab.shared.cpu.CpuManager.lambda$submit$1(CpuManager.java:96)
15.08.2024 - 20:53:17 - 	at java.base/java.util.concurrent.Executors$RunnableAdapter.call(Executors.java:572)
15.08.2024 - 20:53:17 - 	at java.base/java.util.concurrent.FutureTask.run(FutureTask.java:317)
15.08.2024 - 20:53:17 - 	at java.base/java.util.concurrent.ScheduledThreadPoolExecutor$ScheduledFutureTask.run(ScheduledThreadPoolExecutor.java:304)
15.08.2024 - 20:53:17 - 	at java.base/java.util.concurrent.ThreadPoolExecutor.runWorker(ThreadPoolExecutor.java:1144)
15.08.2024 - 20:53:17 - 	at java.base/java.util.concurrent.ThreadPoolExecutor$Worker.run(ThreadPoolExecutor.java:642)
15.08.2024 - 20:53:17 - 	at java.base/java.lang.Thread.run(Thread.java:1583)
15.08.2024 - 20:55:21 - [TAB v4.1.7] An error was thrown when executing task
15.08.2024 - 20:55:21 - java.lang.IllegalStateException: This instance got discarded because plugin was reloaded. Obtain a new instance.
15.08.2024 - 20:55:21 - 	at TAB v4.1.7.jar//me.neznamy.tab.shared.features.types.TabFeature.ensureActive(TabFeature.java:26)
15.08.2024 - 20:55:21 - 	at TAB v4.1.7.jar//me.neznamy.tab.shared.features.PlaceholderManagerImpl.getPlaceholder(PlaceholderManagerImpl.java:385)
15.08.2024 - 20:55:21 - 	at TAB v4.1.7.jar//me.neznamy.tab.shared.features.PlaceholderManagerImpl.getPlaceholderUsage(PlaceholderManagerImpl.java:314)
15.08.2024 - 20:55:21 - 	at TAB v4.1.7.jar//me.neznamy.tab.shared.features.PlaceholderManagerImpl.updatePlayerPlaceholders(PlaceholderManagerImpl.java:154)
15.08.2024 - 20:55:21 - 	at TAB v4.1.7.jar//me.neznamy.tab.shared.features.PlaceholderManagerImpl.processRefreshResults(PlaceholderManagerImpl.java:96)
15.08.2024 - 20:55:21 - 	at TAB v4.1.7.jar//me.neznamy.tab.shared.features.PlaceholderManagerImpl.lambda$refresh$0(PlaceholderManagerImpl.java:88)
15.08.2024 - 20:55:21 - 	at TAB v4.1.7.jar//me.neznamy.tab.shared.cpu.CpuManager.run(CpuManager.java:171)
15.08.2024 - 20:55:21 - 	at TAB v4.1.7.jar//me.neznamy.tab.shared.cpu.CpuManager.lambda$submit$1(CpuManager.java:96)
15.08.2024 - 20:55:21 - 	at java.base/java.util.concurrent.Executors$RunnableAdapter.call(Executors.java:572)
15.08.2024 - 20:55:21 - 	at java.base/java.util.concurrent.FutureTask.run(FutureTask.java:317)
15.08.2024 - 20:55:21 - 	at java.base/java.util.concurrent.ScheduledThreadPoolExecutor$ScheduledFutureTask.run(ScheduledThreadPoolExecutor.java:304)
15.08.2024 - 20:55:21 - 	at java.base/java.util.concurrent.ThreadPoolExecutor.runWorker(ThreadPoolExecutor.java:1144)
15.08.2024 - 20:55:21 - 	at java.base/java.util.concurrent.ThreadPoolExecutor$Worker.run(ThreadPoolExecutor.java:642)
15.08.2024 - 20:55:21 - 	at java.base/java.lang.Thread.run(Thread.java:1583)
15.08.2024 - 20:57:04 - [TAB v4.1.7] An error was thrown when executing task
15.08.2024 - 20:57:04 - java.lang.IllegalStateException: This instance got discarded because plugin was reloaded. Obtain a new instance.
15.08.2024 - 20:57:04 - 	at TAB v4.1.7.jar//me.neznamy.tab.shared.features.types.TabFeature.ensureActive(TabFeature.java:26)
15.08.2024 - 20:57:04 - 	at TAB v4.1.7.jar//me.neznamy.tab.shared.features.PlaceholderManagerImpl.getPlaceholder(PlaceholderManagerImpl.java:385)
15.08.2024 - 20:57:04 - 	at TAB v4.1.7.jar//me.neznamy.tab.shared.features.PlaceholderManagerImpl.getPlaceholderUsage(PlaceholderManagerImpl.java:314)
15.08.2024 - 20:57:04 - 	at TAB v4.1.7.jar//me.neznamy.tab.shared.features.PlaceholderManagerImpl.updatePlayerPlaceholders(PlaceholderManagerImpl.java:154)
15.08.2024 - 20:57:04 - 	at TAB v4.1.7.jar//me.neznamy.tab.shared.features.PlaceholderManagerImpl.processRefreshResults(PlaceholderManagerImpl.java:96)
15.08.2024 - 20:57:04 - 	at TAB v4.1.7.jar//me.neznamy.tab.shared.features.PlaceholderManagerImpl.lambda$refresh$0(PlaceholderManagerImpl.java:88)
15.08.2024 - 20:57:04 - 	at TAB v4.1.7.jar//me.neznamy.tab.shared.cpu.CpuManager.run(CpuManager.java:171)
15.08.2024 - 20:57:04 - 	at TAB v4.1.7.jar//me.neznamy.tab.shared.cpu.CpuManager.lambda$submit$1(CpuManager.java:96)
15.08.2024 - 20:57:04 - 	at java.base/java.util.concurrent.Executors$RunnableAdapter.call(Executors.java:572)
15.08.2024 - 20:57:04 - 	at java.base/java.util.concurrent.FutureTask.run(FutureTask.java:317)
15.08.2024 - 20:57:04 - 	at java.base/java.util.concurrent.ScheduledThreadPoolExecutor$ScheduledFutureTask.run(ScheduledThreadPoolExecutor.java:304)
15.08.2024 - 20:57:04 - 	at java.base/java.util.concurrent.ThreadPoolExecutor.runWorker(ThreadPoolExecutor.java:1144)
15.08.2024 - 20:57:04 - 	at java.base/java.util.concurrent.ThreadPoolExecutor$Worker.run(ThreadPoolExecutor.java:642)
15.08.2024 - 20:57:04 - 	at java.base/java.lang.Thread.run(Thread.java:1583)
16.08.2024 - 01:49:40 - [TAB v4.1.7] An error was thrown when executing task
16.08.2024 - 01:49:40 - java.lang.IllegalStateException: This instance got discarded because plugin was reloaded. Obtain a new instance.
16.08.2024 - 01:49:40 - 	at TAB v4.1.7.jar//me.neznamy.tab.shared.features.types.TabFeature.ensureActive(TabFeature.java:26)
16.08.2024 - 01:49:40 - 	at TAB v4.1.7.jar//me.neznamy.tab.shared.features.PlaceholderManagerImpl.getPlaceholder(PlaceholderManagerImpl.java:385)
16.08.2024 - 01:49:40 - 	at TAB v4.1.7.jar//me.neznamy.tab.shared.features.PlaceholderManagerImpl.getPlaceholderUsage(PlaceholderManagerImpl.java:314)
16.08.2024 - 01:49:40 - 	at TAB v4.1.7.jar//me.neznamy.tab.shared.features.PlaceholderManagerImpl.updatePlayerPlaceholders(PlaceholderManagerImpl.java:154)
16.08.2024 - 01:49:40 - 	at TAB v4.1.7.jar//me.neznamy.tab.shared.features.PlaceholderManagerImpl.processRefreshResults(PlaceholderManagerImpl.java:96)
16.08.2024 - 01:49:40 - 	at TAB v4.1.7.jar//me.neznamy.tab.shared.features.PlaceholderManagerImpl.lambda$refresh$0(PlaceholderManagerImpl.java:88)
16.08.2024 - 01:49:40 - 	at TAB v4.1.7.jar//me.neznamy.tab.shared.cpu.CpuManager.run(CpuManager.java:171)
16.08.2024 - 01:49:40 - 	at TAB v4.1.7.jar//me.neznamy.tab.shared.cpu.CpuManager.lambda$submit$1(CpuManager.java:96)
16.08.2024 - 01:49:40 - 	at java.base/java.util.concurrent.Executors$RunnableAdapter.call(Executors.java:572)
16.08.2024 - 01:49:40 - 	at java.base/java.util.concurrent.FutureTask.run(FutureTask.java:317)
16.08.2024 - 01:49:40 - 	at java.base/java.util.concurrent.ScheduledThreadPoolExecutor$ScheduledFutureTask.run(ScheduledThreadPoolExecutor.java:304)
16.08.2024 - 01:49:40 - 	at java.base/java.util.concurrent.ThreadPoolExecutor.runWorker(ThreadPoolExecutor.java:1144)
16.08.2024 - 01:49:40 - 	at java.base/java.util.concurrent.ThreadPoolExecutor$Worker.run(ThreadPoolExecutor.java:642)
16.08.2024 - 01:49:40 - 	at java.base/java.lang.Thread.run(Thread.java:1583)
18.08.2024 - 12:34:47 - [TAB v4.1.7] An error was thrown when executing task
18.08.2024 - 12:34:47 - java.lang.IllegalStateException: This instance got discarded because plugin was reloaded. Obtain a new instance.
18.08.2024 - 12:34:47 - 	at TAB v4.1.7.jar//me.neznamy.tab.shared.features.types.TabFeature.ensureActive(TabFeature.java:26)
18.08.2024 - 12:34:47 - 	at TAB v4.1.7.jar//me.neznamy.tab.shared.features.PlaceholderManagerImpl.getPlaceholder(PlaceholderManagerImpl.java:385)
18.08.2024 - 12:34:47 - 	at TAB v4.1.7.jar//me.neznamy.tab.shared.features.PlaceholderManagerImpl.getPlaceholderUsage(PlaceholderManagerImpl.java:314)
18.08.2024 - 12:34:47 - 	at TAB v4.1.7.jar//me.neznamy.tab.shared.features.PlaceholderManagerImpl.updatePlayerPlaceholders(PlaceholderManagerImpl.java:154)
18.08.2024 - 12:34:47 - 	at TAB v4.1.7.jar//me.neznamy.tab.shared.features.PlaceholderManagerImpl.processRefreshResults(PlaceholderManagerImpl.java:96)
18.08.2024 - 12:34:47 - 	at TAB v4.1.7.jar//me.neznamy.tab.shared.features.PlaceholderManagerImpl.lambda$refresh$0(PlaceholderManagerImpl.java:88)
18.08.2024 - 12:34:47 - 	at TAB v4.1.7.jar//me.neznamy.tab.shared.cpu.CpuManager.run(CpuManager.java:171)
18.08.2024 - 12:34:47 - 	at TAB v4.1.7.jar//me.neznamy.tab.shared.cpu.CpuManager.lambda$submit$1(CpuManager.java:96)
18.08.2024 - 12:34:47 - 	at java.base/java.util.concurrent.Executors$RunnableAdapter.call(Executors.java:572)
18.08.2024 - 12:34:47 - 	at java.base/java.util.concurrent.FutureTask.run(FutureTask.java:317)
18.08.2024 - 12:34:47 - 	at java.base/java.util.concurrent.ScheduledThreadPoolExecutor$ScheduledFutureTask.run(ScheduledThreadPoolExecutor.java:304)
18.08.2024 - 12:34:47 - 	at java.base/java.util.concurrent.ThreadPoolExecutor.runWorker(ThreadPoolExecutor.java:1144)
18.08.2024 - 12:34:47 - 	at java.base/java.util.concurrent.ThreadPoolExecutor$Worker.run(ThreadPoolExecutor.java:642)
18.08.2024 - 12:34:47 - 	at java.base/java.lang.Thread.run(Thread.java:1583)
18.08.2024 - 17:16:04 - [TAB v4.1.7] An error was thrown when executing task
18.08.2024 - 17:16:04 - java.lang.IllegalStateException: This instance got discarded because plugin was reloaded. Obtain a new instance.
18.08.2024 - 17:16:04 - 	at TAB v4.1.7.jar//me.neznamy.tab.shared.features.types.TabFeature.ensureActive(TabFeature.java:26)
18.08.2024 - 17:16:04 - 	at TAB v4.1.7.jar//me.neznamy.tab.shared.features.PlaceholderManagerImpl.getPlaceholder(PlaceholderManagerImpl.java:385)
18.08.2024 - 17:16:04 - 	at TAB v4.1.7.jar//me.neznamy.tab.shared.placeholders.types.TabPlaceholder.setPlaceholders(TabPlaceholder.java:134)
18.08.2024 - 17:16:04 - 	at TAB v4.1.7.jar//me.neznamy.tab.shared.placeholders.types.PlayerPlaceholderImpl.hasValueChanged(PlayerPlaceholderImpl.java:74)
18.08.2024 - 17:16:04 - 	at TAB v4.1.7.jar//me.neznamy.tab.shared.features.PlaceholderManagerImpl.updatePlayerPlaceholders(PlaceholderManagerImpl.java:152)
18.08.2024 - 17:16:04 - 	at TAB v4.1.7.jar//me.neznamy.tab.shared.features.PlaceholderManagerImpl.processRefreshResults(PlaceholderManagerImpl.java:96)
18.08.2024 - 17:16:04 - 	at TAB v4.1.7.jar//me.neznamy.tab.shared.features.PlaceholderManagerImpl.lambda$refresh$0(PlaceholderManagerImpl.java:88)
18.08.2024 - 17:16:04 - 	at TAB v4.1.7.jar//me.neznamy.tab.shared.cpu.CpuManager.run(CpuManager.java:171)
18.08.2024 - 17:16:04 - 	at TAB v4.1.7.jar//me.neznamy.tab.shared.cpu.CpuManager.lambda$submit$1(CpuManager.java:96)
18.08.2024 - 17:16:04 - 	at java.base/java.util.concurrent.Executors$RunnableAdapter.call(Executors.java:572)
18.08.2024 - 17:16:04 - 	at java.base/java.util.concurrent.FutureTask.run(FutureTask.java:317)
18.08.2024 - 17:16:04 - 	at java.base/java.util.concurrent.ScheduledThreadPoolExecutor$ScheduledFutureTask.run(ScheduledThreadPoolExecutor.java:304)
18.08.2024 - 17:16:04 - 	at java.base/java.util.concurrent.ThreadPoolExecutor.runWorker(ThreadPoolExecutor.java:1144)
18.08.2024 - 17:16:04 - 	at java.base/java.util.concurrent.ThreadPoolExecutor$Worker.run(ThreadPoolExecutor.java:642)
18.08.2024 - 17:16:04 - 	at java.base/java.lang.Thread.run(Thread.java:1583)
19.08.2024 - 19:35:28 - [TAB v4.1.7] An error was thrown when executing task
19.08.2024 - 19:35:28 - java.lang.IllegalStateException: This instance got discarded because plugin was reloaded. Obtain a new instance.
19.08.2024 - 19:35:28 - 	at TAB v4.1.7.jar//me.neznamy.tab.shared.features.types.TabFeature.ensureActive(TabFeature.java:26)
19.08.2024 - 19:35:28 - 	at TAB v4.1.7.jar//me.neznamy.tab.shared.features.PlaceholderManagerImpl.getPlaceholder(PlaceholderManagerImpl.java:385)
19.08.2024 - 19:35:28 - 	at TAB v4.1.7.jar//me.neznamy.tab.shared.features.PlaceholderManagerImpl.getPlaceholderUsage(PlaceholderManagerImpl.java:314)
19.08.2024 - 19:35:28 - 	at TAB v4.1.7.jar//me.neznamy.tab.shared.features.PlaceholderManagerImpl.updatePlayerPlaceholders(PlaceholderManagerImpl.java:154)
19.08.2024 - 19:35:28 - 	at TAB v4.1.7.jar//me.neznamy.tab.shared.features.PlaceholderManagerImpl.processRefreshResults(PlaceholderManagerImpl.java:96)
19.08.2024 - 19:35:28 - 	at TAB v4.1.7.jar//me.neznamy.tab.shared.features.PlaceholderManagerImpl.lambda$refresh$0(PlaceholderManagerImpl.java:88)
19.08.2024 - 19:35:28 - 	at TAB v4.1.7.jar//me.neznamy.tab.shared.cpu.CpuManager.run(CpuManager.java:171)
19.08.2024 - 19:35:28 - 	at TAB v4.1.7.jar//me.neznamy.tab.shared.cpu.CpuManager.lambda$submit$1(CpuManager.java:96)
19.08.2024 - 19:35:28 - 	at java.base/java.util.concurrent.Executors$RunnableAdapter.call(Executors.java:572)
19.08.2024 - 19:35:28 - 	at java.base/java.util.concurrent.FutureTask.run(FutureTask.java:317)
19.08.2024 - 19:35:28 - 	at java.base/java.util.concurrent.ScheduledThreadPoolExecutor$ScheduledFutureTask.run(ScheduledThreadPoolExecutor.java:304)
19.08.2024 - 19:35:28 - 	at java.base/java.util.concurrent.ThreadPoolExecutor.runWorker(ThreadPoolExecutor.java:1144)
19.08.2024 - 19:35:28 - 	at java.base/java.util.concurrent.ThreadPoolExecutor$Worker.run(ThreadPoolExecutor.java:642)
19.08.2024 - 19:35:28 - 	at java.base/java.lang.Thread.run(Thread.java:1583)
20.08.2024 - 20:27:39 - [TAB v4.1.7] An error was thrown when executing task
20.08.2024 - 20:27:39 - java.lang.IllegalStateException: This instance got discarded because plugin was reloaded. Obtain a new instance.
20.08.2024 - 20:27:39 - 	at TAB v4.1.7.jar//me.neznamy.tab.shared.features.types.TabFeature.ensureActive(TabFeature.java:26)
20.08.2024 - 20:27:39 - 	at TAB v4.1.7.jar//me.neznamy.tab.shared.features.PlaceholderManagerImpl.getPlaceholder(PlaceholderManagerImpl.java:385)
20.08.2024 - 20:27:39 - 	at TAB v4.1.7.jar//me.neznamy.tab.shared.features.PlaceholderManagerImpl.getPlaceholderUsage(PlaceholderManagerImpl.java:314)
20.08.2024 - 20:27:39 - 	at TAB v4.1.7.jar//me.neznamy.tab.shared.features.PlaceholderManagerImpl.updatePlayerPlaceholders(PlaceholderManagerImpl.java:154)
20.08.2024 - 20:27:39 - 	at TAB v4.1.7.jar//me.neznamy.tab.shared.features.PlaceholderManagerImpl.processRefreshResults(PlaceholderManagerImpl.java:96)
20.08.2024 - 20:27:39 - 	at TAB v4.1.7.jar//me.neznamy.tab.shared.features.PlaceholderManagerImpl.lambda$refresh$0(PlaceholderManagerImpl.java:88)
20.08.2024 - 20:27:39 - 	at TAB v4.1.7.jar//me.neznamy.tab.shared.cpu.CpuManager.run(CpuManager.java:171)
20.08.2024 - 20:27:39 - 	at TAB v4.1.7.jar//me.neznamy.tab.shared.cpu.CpuManager.lambda$submit$1(CpuManager.java:96)
20.08.2024 - 20:27:39 - 	at java.base/java.util.concurrent.Executors$RunnableAdapter.call(Executors.java:572)
20.08.2024 - 20:27:39 - 	at java.base/java.util.concurrent.FutureTask.run(FutureTask.java:317)
20.08.2024 - 20:27:39 - 	at java.base/java.util.concurrent.ScheduledThreadPoolExecutor$ScheduledFutureTask.run(ScheduledThreadPoolExecutor.java:304)
20.08.2024 - 20:27:39 - 	at java.base/java.util.concurrent.ThreadPoolExecutor.runWorker(ThreadPoolExecutor.java:1144)
20.08.2024 - 20:27:39 - 	at java.base/java.util.concurrent.ThreadPoolExecutor$Worker.run(ThreadPoolExecutor.java:642)
20.08.2024 - 20:27:39 - 	at java.base/java.lang.Thread.run(Thread.java:1583)
