[10:08:30] Started: Cicciobomba_9 - ANDREA1720
[10:08:39] Cicciobomba_9: [Currencies: ---] [Items: ---] | ANDREA1720: [Currencies: ---] [Items: 7x Bone]
[14:08:50] Started: ItzMarc233it - delinead
[14:08:51] Aborted: ItzMarc233it - delinead
[14:09:02] Started: delinead - ItzMarc233it
[14:09:12] Aborted: delinead - ItzMarc233it
[14:48:04] Started: ANDREA1720 - kalakko
[14:48:18] ANDREA1720: [Currencies: ---] [Items: ---] | kalakko: [Currencies: money: 2,194] [Items: ---]
[15:12:49] Started: kalakko - ANDREA1720
[15:12:58] kalakko: [Currencies: ---] [Items: 1x Golden Shovel] | ANDREA1720: [Currencies: ---] [Items: ---]
[15:23:53] Started: Cicciobomba_9 - kalakko
[15:24:08] Cicciobomba_9: [Currencies: ---] [Items: ---] | kalakko: [Currencies: money: 145] [Items: ---]
[15:43:20] Started: Cicciobomba_9 - ANDREA1720
[15:43:29] Cicciobomba_9: [Currencies: ---] [Items: ---] | ANDREA1720: [Currencies: ---] [Items: 8x &b&lCOKE]
[15:45:57] Started: ANDREA1720 - Cicciobomba_9
[15:46:05] ANDREA1720: [Currencies: ---] [Items: 2x &b&lCOKE] | Cicciobomba_9: [Currencies: ---] [Items: ---]
[15:46:34] Started: Cicciobomba_9 - ItzMarc233it
[15:46:54] Cicciobomba_9: [Currencies: ---] [Items: 10x &b&lCOKE] | ItzMarc233it: [Currencies: money: 50] [Items: ---]
[16:12:04] Started: AverageMovie105 - ANDREA1720
[16:12:22] AverageMovie105: [Currencies: money: 400] [Items: ---] | ANDREA1720: [Currencies: ---] [Items: 11x Obsidian]
[17:09:49] Started: kalakko - ANDREA1720
[17:09:59] kalakko: [Currencies: ---] [Items: ---] | ANDREA1720: [Currencies: ---] [Items: 1x Shulker Box]
[17:21:50] Started: kalakko - ANDREA1720
[17:22:02] kalakko: [Currencies: ---] [Items: 1x Shulker Box] | ANDREA1720: [Currencies: ---] [Items: ---]
[17:23:04] Started: AverageMovie105 - ANDREA1720
[17:23:13] AverageMovie105: [Currencies: ---] [Items: ---] | ANDREA1720: [Currencies: ---] [Items: 1x Enchanted Book]
[17:38:11] Started: ANDREA1720 - AverageMovie105
[17:38:12] Aborted: ANDREA1720 - AverageMovie105
[17:38:40] Started: AverageMovie105 - ANDREA1720
[17:39:07] Aborted: AverageMovie105 - ANDREA1720
[17:40:08] Started: ANDREA1720 - kalakko
[17:40:54] ANDREA1720: [Currencies: ---] [Items: ---] | kalakko: [Currencies: ---] [Items: 64x Cobblestone, 64x Cobblestone, 64x Cobblestone, 11x Cobblestone, 64x Cobblestone, 64x Cobblestone]
