[08:44:04] Started: kalakko - ANDREA1720
[08:44:26] kalakko: [Currencies: money: 0.1] [Items: 49x Cobblestone, 64x Cobblestone, 64x Cobblestone] | ANDREA1720: [Currencies: money: 1] [Items: ---]
[10:56:00] Started: Marck0009 - ANDREA1720
[10:56:00] Aborted: Marck0009 - ANDREA1720
[10:56:14] Started: Marck0009 - ANDREA1720
[10:56:21] Aborted: Marck0009 - ANDREA1720
[10:56:54] Started: Marck0009 - ANDREA1720
[10:56:54] Aborted: Marck0009 - ANDREA1720
[10:57:04] Started: Marck0009 - ANDREA1720
[10:57:27] Marck0009: [Currencies: ---] [Items: ---] | ANDREA1720: [Currencies: money: 1.98] [Items: 1x Diamond Boots, 1x Diamond Helmet, 1x Diamond Leggings, 1x Diamond Chestplate, 1x Emerald, 64x Coal, 64x Iron Ingot]
[11:21:43] Started: Marck0009 - Cicciobomba_9
[11:22:08] Aborted: Marck0009 - Cicciobomba_9
[11:22:12] Started: Cicciobomba_9 - Marck0009
[11:22:20] Aborted: Cicciobomba_9 - Marck0009
[11:22:40] Started: Cicciobomba_9 - Marck0009
[11:22:40] Aborted: Cicciobomba_9 - Marck0009
[11:22:46] Started: Marck0009 - Cicciobomba_9
[11:22:46] Aborted: Marck0009 - Cicciobomba_9
[11:22:49] Started: Cicciobomba_9 - Marck0009
[11:23:19] Cicciobomba_9: [Currencies: ---] [Items: 1x Diamond Pickaxe] | Marck0009: [Currencies: money: 500] [Items: ---]
[14:30:10] Started: delinead - ItzMarc233it
[14:30:10] Aborted: delinead - ItzMarc233it
[14:30:35] Started: delinead - ItzMarc233it
[14:31:05] Aborted: delinead - ItzMarc233it
[14:31:16] Started: delinead - ItzMarc233it
[14:31:21] Aborted: delinead - ItzMarc233it
[14:35:17] Started: delinead - ItzMarc233it
[14:35:29] delinead: [Currencies: money: 5,000] [Items: ---] | ItzMarc233it: [Currencies: ---] [Items: ---]
