[14:32:28] Started: kalakko - ANDREA1720
[14:32:46] kalakko: [Currencies: money: 1] [Items: 1x Water Bucket] | ANDREA1720: [Currencies: exp: 1] [Items: ---]
[14:45:45] Started: kalakko - ANDREA1720
[14:45:49] Aborted: kalakko - ANDREA1720
[14:52:50] Started: ANDREA1720 - AverageMovie105
[14:53:16] ANDREA1720: [Currencies: exp: 2,800] [Items: ---] | AverageMovie105: [Currencies: money: 2,500] [Items: ---]
[15:21:32] Started: AverageMovie105 - ANDREA1720
[15:21:46] AverageMovie105: [Currencies: ---] [Items: 2x Ancient Debris] | ANDREA1720: [Currencies: money: 1,720] [Items: ---]
[15:51:00] Started: kalakko - ANDREA1720
[15:51:01] Aborted: kalakko - ANDREA1720
[15:51:12] Started: kalakko - ANDREA1720
[15:51:20] kalakko: [Currencies: ---] [Items: ---] | ANDREA1720: [Currencies: ---] [Items: 1x Golden Shovel]
[15:54:04] Started: kalakko - ANDREA1720
[15:54:14] kalakko: [Currencies: ---] [Items: 1x Golden Shovel] | ANDREA1720: [Currencies: ---] [Items: ---]
[16:07:35] Started: ANDREA1720 - Herobrine_FP
[16:07:37] Aborted: ANDREA1720 - Herobrine_FP
[16:08:08] Started: kalakko - ANDREA1720
[16:08:26] kalakko: [Currencies: exp: 2,966] [Items: ---] | ANDREA1720: [Currencies: ---] [Items: ---]
[16:09:23] Started: kalakko - ANDREA1720
[16:10:11] kalakko: [Currencies: money: 4,999.99] [Items: ---] | ANDREA1720: [Currencies: ---] [Items: 1x Diamond Pickaxe]
[16:44:00] Started: delinead - ANDREA1720
[16:44:19] delinead: [Currencies: ---] [Items: ---] | ANDREA1720: [Currencies: money: 2,500] [Items: 1x Red Shulker Box]
[16:46:59] Started: delinead - ANDREA1720
[16:47:07] delinead: [Currencies: ---] [Items: ---] | ANDREA1720: [Currencies: ---] [Items: 1x Red Bed]
[16:50:25] Started: delinead - ANDREA1720
[16:50:40] delinead: [Currencies: money: 64] [Items: ---] | ANDREA1720: [Currencies: ---] [Items: 64x Cooked Salmon]
[17:05:41] Started: AverageMovie105 - ANDREA1720
[17:06:09] AverageMovie105: [Currencies: money: 10] [Items: ---] | ANDREA1720: [Currencies: ---] [Items: 2x &b&lCOKE]
[17:14:15] Started: delinead - AverageMovie105
[17:15:23] Aborted: delinead - AverageMovie105
[17:20:43] Started: delinead - AverageMovie105
[17:21:06] Aborted: delinead - AverageMovie105
[17:21:56] Started: delinead - AverageMovie105
[17:21:57] Aborted: delinead - AverageMovie105
[17:22:08] Started: delinead - AverageMovie105
[17:22:26] delinead: [Currencies: exp: 327] [Items: ---] | AverageMovie105: [Currencies: money: 3,000] [Items: ---]
[18:02:32] Started: ANDREA1720 - kalakko
[18:02:33] Aborted: ANDREA1720 - kalakko
[18:02:37] Started: kalakko - ANDREA1720
[18:03:03] kalakko: [Currencies: exp: 21] [Items: ---] | ANDREA1720: [Currencies: ---] [Items: ---]
