08:27 kalakko   : brosko non mi fa entrare su TS
08:27 ANDREA1720: why=
08:27 ANDREA1720: ?
08:27 kalakko   : idk
08:28 ANDREA1720: what ti dice?
08:28 kalakko   : non mi fa connettere al server
08:28 kalakko   : e c'ho provato venti volte
08:28 ANDREA1720: prova a chiuderlo e riaprirlo
08:28 kalakko   : o
08:28 kalakko   : k
08:28 ANDREA1720: dormi BTW
09:05 kalakko   :  placed a sign @ world: x-6206, z-3203
  Porto di
  San Refigerano
10:46 Marck0009 : Andrea
10:46 Marck0009 : Ho un problema
10:46 Marck0009 : Quando esco e rientro non salva nulla
10:47 ANDREA1720: è stato un problema
10:47 ANDREA1720: non succederà più
10:47 Marck0009 : Mi puoi ridare con la creative le cose?
10:48 ANDREA1720: cosa avevi?
10:49 Marck0009 : Vengo su ds?
10:49 ANDREA1720: vb
11:19 Cicciobomba_9:  placed a sign @ world: x-6240, z-3194
  letto di 
  Alessandro
11:20 Cicciobomba_9: t/pay Cicciobomba_9 500
