09:05 kalakko   : i'm in the void
09:37 Cicciobomba_9: mi sentite?
09:37 Cicciobomba_9: si sento
09:37 ANDREA1720   : non sento nessuno
09:37 Cicciobomba_9: ora arrivo
14:03 kalakko   : /whisper ANDREA1720 hai messo il plug in della troca? 
14:21 delinead  : percia a che altezza per i diamanti
14:21 ANDREA1720: più vai in basso meglio è
14:21 delinead  : no
14:21 delinead  : l'altezza specifica
14:21 ANDREA1720: dal nuovo update sì
14:21 ANDREA1720: più vai in basso meglio è
14:21 ANDREA1720: cerca su google se non ti fidi
14:30 ItzMarc233it: LO DICEVANO
14:30 ItzMarc233it: IL FUMO FA MALE
14:30 ANDREA1720  : what?
14:30 ItzMarc233it: MI HA AMMAZZATO
14:30 ANDREA1720  : godo
14:33 ANDREA1720  : Vendiamo zaineti, BTW
14:33 ItzMarc233it: ficcateli nel culo
14:34 ANDREA1720  : solo per te prezzo doppio
14:34 ANDREA1720  : ti conviene
14:36 kalakko     : per chi li vuole vendo pompe
14:36 AverageMovie105: perche lagga cosi tanto
14:37 ANDREA1720     : ma quando sei entrato tu?
14:37 AverageMovie105: 5 min fa
14:41 ANDREA1720     : raga lo andiamo a killare malamente?
14:42 ANDREA1720     : ce lo splittiamo
14:44 ANDREA1720     : AverageMovie105, ti do 2k se mi fai tippare da te
14:44 AverageMovie105: perche?
14:44 ANDREA1720     : prendere o lasciare
14:44 AverageMovie105: va bene
14:45 ANDREA1720     : dammi 5 sec
14:45 ANDREA1720     : arrivo
14:46 AverageMovie105: si pero mi dai i 2k
14:46 ANDREA1720     : prima acetti
14:46 ANDREA1720     : poi te li do
14:46 AverageMovie105: dammi i 2k
14:46 ANDREA1720     : subito
14:47 AverageMovie105: è u n piacere fare affari con te
14:50 kalakko        : chi vuole 3 stack di redstone a 200?
14:50 delinead       : ioooooooooooooooooooo
14:51 ANDREA1720     : scherzava
14:51 ANDREA1720     : 400
14:51 ANDREA1720     : ha sbagliato
14:51 kalakko        : sta minchia
14:51 kalakko        : 220 final price
14:52 kalakko        : so?
14:55 bohea56        : t
14:55 bohea56        : ttttttttttttttt/home
14:57 bohea56        : ttttttt
14:57 kalakko        : perchè continui a scrivere t?
14:58 bohea56        : p
15:05 AverageMovie105: come si vede la classifica della ricchezza
15:05 ANDREA1720     : t/baltop
15:05 ANDREA1720     : non te lo consiglio però
15:06 AverageMovie105: minchia
15:06 ANDREA1720     : potrebbe rovinarti l'autostima
15:06 AverageMovie105: si ho visto
15:14 ItzMarc233it   : vendo shulker per 200
15:15 bohea56        : TTTTT
15:20 ANDREA1720     : /msg kalakko dì ad alessandro di entrare 
15:20 kalakko        : ok
15:20 ANDREA1720     : /msg kalakko killalo e splitta diviso 3 i soldi 
15:20 ANDREA1720     : /msg kalakko scrivi in priv 
15:20 ANDREA1720     : /msg kalakko fai /r e il messaggio 
15:20 ANDREA1720     : /msg kalakko loro i miei messaggi non li leggono 
15:20 kalakko        : cazzo mene
15:21 ItzMarc233it   : andrea
15:21 ItzMarc233it   : accetta
15:21 bohea56        : ADNRE
15:21 bohea56        : è
15:21 bohea56        : I
15:21 ItzMarc233it   : accetta dioporco ti faccio diventare femmina
15:23 kalakko        : /whisper Cicciobomba_9 alessa, togliti l'armatura che ci pigliamo la taglia 
15:24 Cicciobomba_9  : /reply perché 140? 
15:24 bohea56        : I
15:24 Cicciobomba_9  : /reply o quanto era 
15:24 kalakko        : perchè sono quellu che ti ha tolto uccidendoti normalmente
15:24 Cicciobomba_9  : /reply non hai riposto in privato 
15:25 kalakko        : cazzo mene
15:25 Cicciobomba_9  : /reply dai un pò di più 
15:25 kalakko        : /tell Cicciobomba_9 se vuoi ti risò i 10k 
15:25 Cicciobomba_9  : /reply mi sono fatto uccidere 
15:25 kalakko        : vabbuono
15:27 AverageMovie105: raga ma cicciobomba chi è
15:27 Cicciobomba_9  : alessandro russo
15:27 kalakko        : alessandro
15:27 AverageMovie105: ok
15:28 Cicciobomba_9  : ha parlato averagemovie105
15:28 AverageMovie105: ahahahhahahahaha
15:28 Cicciobomba_9  : JACOPO
15:28 Cicciobomba_9  : GRANDE GIOIA
15:29 ANDREA1720     : fate tutti /baltop
15:29 ANDREA1720     : grazie
15:31 verdojk        : /r minimap disabled 
15:31 ANDREA1720     : t/minimap disable
15:32 AverageMovie105: bro ma come fai a guadagnare cosi velocemente
15:32 kalakko        : bisness
15:32 ANDREA1720     : acquista il mio corso online
15:32 Cicciobomba_9  : spaccio
15:32 ANDREA1720     : veloce e gratuito
15:32 AverageMovie105: dove si vende la droga
15:32 Cicciobomba_9  : ad Ascoli
15:32 ANDREA1720     : prima la fai
15:32 ANDREA1720     : poi vedi se qualcuno la vuole
15:33 AverageMovie105: non si vende anche al market?
15:33 ANDREA1720     : nope
15:33 Cicciobomba_9  : no,solo ad Ascoli
15:33 ANDREA1720     : sono buggati i crafting
15:34 AverageMovie105: in cghe senso
15:35 ANDREA1720     : chi vende gunpowder?
15:36 delinead       : giorno
15:36 ANDREA1720     : dormi
15:36 ANDREA1720     : vai a letto
15:38 Cicciobomba_9  : /tell ItzMarc233it sono qui per la taglia 
15:38 Cicciobomba_9  : /reply accetta 
15:41 ItzMarc233it   : vendo servizi sessuali a basso prezzo
15:41 Cicciobomba_9  : aspetta
15:41 ItzMarc233it   : usiamo schiavi solo di alta qualità
15:41 Cicciobomba_9  : nomi grazie
15:42 ItzMarc233it   : il primo e migliore si chiama daniele
15:42 ItzMarc233it   : fa degli smosciacazzo che non te immagini
15:42 Cicciobomba_9  : ragazzi
15:43 ItzMarc233it   : O io mi sento una ragazza
15:43 Cicciobomba_9  : ho un'offerta che non potete rifiutare
15:43 ItzMarc233it   : vai
15:43 ItzMarc233it   : si
15:43 ItzMarc233it   : la voglio
15:44 ItzMarc233it   : o me la dai
15:44 Cicciobomba_9  : /tell ItzMarc233it 5$ l'una 
15:44 ItzMarc233it   : o ci rimetti la vita
15:44 ItzMarc233it   : okok
15:44 ItzMarc233it   : ne prendo 10
15:44 ItzMarc233it   : volevo solo commercia
15:44 ItzMarc233it   : re
15:45 Cicciobomba_9  : mi hai minacciato
15:45 ItzMarc233it   : avevo detto che ne volevo 10
15:45 Cicciobomba_9  : non avevo letto
15:45 Cicciobomba_9  : pace
15:45 ItzMarc233it   : okok
15:45 ItzMarc233it   : ne prendo 10 e basta
15:46 ItzMarc233it   : manda il tpa
15:46 Cicciobomba_9  : and now
15:47 Cicciobomba_9  : say my name
15:47 ItzMarc233it   : tammazzo se non te ne vai
15:47 Cicciobomba_9  : non si gioca così
15:48 ItzMarc233it   : ma quanti cazzo di soldi hai
15:48 Cicciobomba_9  : ho anche la meth
15:49 delinead       : giorno
15:50 Cicciobomba_9  : non vi interessa la mia offerta?
15:50 ItzMarc233it   : nop
15:50 ItzMarc233it   : come si usa?
15:51 Cicciobomba_9  : cosa
15:51 ItzMarc233it   : la coca
15:51 Cicciobomba_9  : sta la guida
15:51 Cicciobomba_9  : quando la apri nel menu
15:51 ItzMarc233it   : non funza
15:52 Cicciobomba_9  : senti dovrebbe
15:52 ItzMarc233it   : m'hai scammato
15:52 Cicciobomba_9  : no
15:52 bohea56        : S
15:52 Cicciobomba_9  : era roba buona
15:52 Cicciobomba_9  : giuro
15:52 ItzMarc233it   : sappi che sarai un nemico della Santana
15:52 Cicciobomba_9  : che schifo
15:52 AverageMovie105: a qualcuno interessano degli stack di vetro?
15:52 ItzMarc233it   : sarà meglio essere pronti quando ci vedrai
15:53 kalakko        :  placed a sign @ world: x-6243, z-3191
  ROBA A
  CASO
15:54 ItzMarc233it   : ao vieni qua
15:54 ItzMarc233it   : m'hai scammato fr
15:54 AverageMovie105: o
15:54 delinead       : scammone ti abiamo fottuto 1000
15:54 kalakko        :  placed a sign @ world: x-6242, z-3191
  |
  |
  |
  \/
15:54 delinead       : ci sei andato a perdere
15:54 ItzMarc233it   : mo mi insegni a utilizzarla
15:54 Cicciobomba_9  : ripeto, ero in buona fede
15:54 AverageMovie105: a qualcuno interessando degli stack di vetro?
15:54 Cicciobomba_9  : e mi avete ucciso perchè siete scorretti
15:54 Cicciobomba_9  : no vince
15:55 ANDREA1720     : /whisper Cicciobomba_9 vai e tippami 
15:55 ANDREA1720     : /whisper Cicciobomba_9 te la ho inviata 
15:55 ANDREA1720     : vai vai
15:55 kalakko        :  placed a sign @ world: x-6245, z-3187
  ROBA         |
  IMPORTANTE  | 
                 |
                 \/
15:55 kalakko        :  placed a sign @ world: x-6245, z-3189
  CIBANZA
15:55 kalakko        :  placed a sign @ world: x-6245, z-3190
  |
  |
  |
  \/
15:56 kalakko        :  placed a sign @ world: x-6245, z-3184
  MINERALI E
  ROBA SIMILE
15:56 AverageMovie105: a qualcuno interessano 4 stack di legna?
15:56 AverageMovie105: intendo i log
15:56 kalakko        :  placed a sign @ world: x-6245, z-3185
  |
  |
  |
  \/
15:56 delinead       : fermmmmmmmoooooooooooooo
15:57 kalakko        :  placed a sign @ world: x-6242, z-3183
  MINERALI E
  ROBA SIMILE
15:57 kalakko        :  placed a sign @ world: x-6243, z-3183
  |
  |
  |
  \/
15:57 Cicciobomba_9  :  placed a sign @ world: x-6225, z-3186
  Alessandro
15:58 Cicciobomba_9  :  placed a sign @ world: x-6233, z-3188
  2000 70
15:58 delinead       : sulker
16:00 delinead       : lo sculker
16:00 delinead       : percia
16:01 ANDREA1720     : che shulker
16:02 Cicciobomba_9  :  placed a sign @ world: x-6225, z-3187
  ALESSIO
16:03 Cicciobomba_9  : confermiamo che ci sono problemi con la droga
16:03 ANDREA1720     : 10$ e ti rido lo shulker
16:03 delinead       : giorno
16:03 Cicciobomba_9  : ma in segno di rispetto e perdono ti do 70
16:03 ANDREA1720     : 10$ e ti rido lo shulker
16:03 ANDREA1720     : 10$ e ti rido lo shulker
16:03 ANDREA1720     : 10$ e ti rido lo shulker
16:03 ANDREA1720     : 10$ e ti rido lo shulker
16:03 ANDREA1720     : 10$ e ti rido lo shulker
16:03 ANDREA1720     : acceta il trade
16:03 verdojk        : qui ci sono gia i primi segni di pizzo e mafia comunque
16:03 Cicciobomba_9  : ah non sta più marco
16:03 Cicciobomba_9  : marco a
16:03 ANDREA1720     : vendo shulker rosso
16:03 ANDREA1720     : pieno di roba
16:03 ANDREA1720     : a 15$
16:03 ANDREA1720     : non trattabili
16:04 delinead       : giorno
16:04 ANDREA1720     : prendere o lasciare
16:04 ANDREA1720     : chiunque lo voglia
16:04 bohea56        : /t 
16:09 AverageMovie105: qualcuno mi vende 10 di ossidiana a 300?
16:09 Cicciobomba_9  : andrea dice 500
16:09 AverageMovie105: 350
16:10 Cicciobomba_9  : 450
16:10 AverageMovie105: 360
16:10 Cicciobomba_9  : 410
16:11 AverageMovie105: 370
16:11 Cicciobomba_9  : 400 prendere o lasciare
16:11 AverageMovie105: 380
16:11 Cicciobomba_9  : 399,99
16:11 AverageMovie105: 385
16:11 ANDREA1720     : te ne do 11 a 400 o niente
16:11 AverageMovie105: ok
16:12 Cicciobomba_9  :  placed a sign @ world: x-6225, z-3186
  Alessandro
16:18 AverageMovie105: ma che centra la drog con nether
16:18 ANDREA1720     : era una minchiata
16:18 AverageMovie105: a
16:18 AverageMovie105: e come cazzo si crafta
16:18 kalakko        : col cazzo
16:18 Cicciobomba_9  : non funziona tanto
16:19 AverageMovie105: eh ma voi ci stat facebndo i soldi
16:19 Cicciobomba_9  : 50$
16:19 kalakko        : ehe
16:19 Cicciobomba_9  : e abbiamo finito
16:19 AverageMovie105: e come cazzo guadagnate allore
16:19 Cicciobomba_9  : chiedi a loro
16:21 Cicciobomba_9  : capisco
16:21 AverageMovie105: aiuto
16:21 AverageMovie105: come torno al mio claim
16:21 Cicciobomba_9  : fai /spawn
16:21 ANDREA1720     : fai /spawn
16:21 Cicciobomba_9  : home l'hai messa?
16:21 AverageMovie105: voglio tornare al mio claim
16:21 AverageMovie105: no
16:22 Cicciobomba_9  : spiace
16:22 Cicciobomba_9  : hai lo spawn?
16:22 ANDREA1720     :  placed a sign @ world: x-6233, z-3188
  2000 70
  41 564
16:22 ANDREA1720     :  placed a sign @ world: x-6233, z-3188
  2000 70
  41 564
16:22 AverageMovie105: raga mi fate venire nel nether con vioi?
16:22 ANDREA1720     : in che senso?
16:23 AverageMovie105: qualcuno mi porti in un pportale pls
16:23 ANDREA1720     : prima te la abbiamo venduta
16:24 AverageMovie105: eh ma non so come tornare al portale
16:24 ANDREA1720     : 400$ potrebbero risolvere tutto
16:24 Cicciobomba_9  : dove l'hai fatto
16:24 ItzMarc233it   : arrivano i rinforzi bastardi
16:24 AverageMovie105: dove avevo il claim
16:24 ANDREA1720     : se non sai le coordinate la vedo difficile
16:25 ANDREA1720     : vai se hai le palle
16:25 ANDREA1720     : rinforzi
16:25 ItzMarc233it   : ammamt
16:25 ANDREA1720     : hai paura?
16:25 ANDREA1720     : cagasotto
16:25 ItzMarc233it   : terone io esco di casa
16:25 ANDREA1720     : abbiamo iniziato insieme oggi frocio
16:25 ANDREA1720     : paura?
16:26 kalakko        : /tell ANDREA1720 le campane ti servono o le posso vendere? 
16:28 kalakko        : /tell ItzMarc233it ciupa 
16:29 ANDREA1720     : ItzMarc233it torna a piangere da mamma
16:30 kalakko        : /tell Averagemovie105 ciupa 
16:30 kalakko        : /tell verdojk ciupa 
16:31 ANDREA1720     : /whisper kalakko dove cazzo sei? 
16:32 kalakko        : /whisper ANDREA1720 at cast 
16:32 ANDREA1720     : /r non è vero 
16:33 ANDREA1720     : AverageMovie105
16:33 ANDREA1720     : /whisper AverageMovie105 ho un offerta per te 
16:33 AverageMovie105: /tell ANDREA1720 vai 
16:34 kalakko        : /whisper cicciobomba_9 sium 
16:34 Cicciobomba_9  : /reply sium 
16:34 kalakko        : /whisper cicciobomba_9 ciuppa 
16:34 AverageMovie105: /tell ANDREA1720 spara 
16:38 kalakko        : /whisper Andrea1720 va bene se ti deposito il dinaro? 
16:39 ANDREA1720     : /msg AverageMovie105 scusa, non leggevo 
16:39 kalakko        : /whisper andrea1720 per scrutare quei neri 
16:39 ANDREA1720     : /msg AverageMovie105 scusa, 300 e ti upgrado lo zaino ad oro 
16:39 AverageMovie105: no grazie
16:40 AverageMovie105: /tell ANDREA1720 no grazie 
16:40 ANDREA1720     : /r va bene, hai perso un affare 
16:40 AverageMovie105: /tell ANDREA1720 bro, dammi qualcosa da fare e pagami bene 
16:40 AverageMovie105: /tell ANDREA1720 ho bisogno di soldi 
16:40 ANDREA1720     : /msg AverageMovie105 hai tnt? 
16:41 Cicciobomba_9  : non carica i chunk qua
16:42 kalakko        : vengo in pace
16:42 AverageMovie105: bene
16:42 AverageMovie105: che devi fare
16:42 kalakko        : boh
16:42 kalakko        : così
16:43 kalakko        : perchè stavo in caverna da tutto il giorno
16:43 AverageMovie105: ok
16:44 kalakko        : è un po' un posto demmerda se devo dire :/
16:44 AverageMovie105: è random
16:44 AverageMovie105: non h neanche il claim
16:44 kalakko        : lo so
16:44 kalakko        : ah
16:45 kalakko        : quindi sei stato estradato
16:45 AverageMovie105: in che sneso
16:45 kalakko        : da casa
16:45 AverageMovie105: non ho una casa
16:45 kalakko        : e falla
16:45 ANDREA1720     : /msg AverageMovie105 test 
16:45 ANDREA1720     : /msg AverageMovie105 allora... 
16:45 ANDREA1720     : /msg AverageMovie105 ci vuoi dare una mano ad andare a killare due persone? 
16:46 ANDREA1720     : /msg AverageMovie105 tu e kalakko 
16:46 AverageMovie105: /tell ANDREA1720 in che senso 
16:46 AverageMovie105: /tell ANDREA1720 chi dobbiamo killare 
16:46 ANDREA1720     : /msg AverageMovie105 ti diamo delle coordinate, andate la e killate chiunque incontrate 
16:46 AverageMovie105: ok
16:46 ANDREA1720     : /msg AverageMovie105 in cambio ti puoi tenere tutti i soldi che quadagnerete 
16:46 ANDREA1720     : /msg AverageMovie105 sia tu che kalakko 
16:46 AverageMovie105: quanto guadagneremo
16:46 ANDREA1720     : /msg AverageMovie105 ci sei? 
16:47 ANDREA1720     : /msg AverageMovie105 non scrivere in publica 
16:47 AverageMovie105: /tell ANDREA1720 quanto guadagno 
16:47 ANDREA1720     : /msg AverageMovie105 in cambio ti puoi tenere tutti i soldi che quadagnerete 
16:47 AverageMovie105: /tell ANDREA1720 fammi una stima 
16:47 ANDREA1720     : /msg AverageMovie105 ogni kill che fai... ti da un decimo dei suoi soldi 
16:47 ANDREA1720     : /msg AverageMovie105 dipende da te 
16:48 ANDREA1720     : /msg AverageMovie105 uno dei 2 ha 2.5k 
16:48 ANDREA1720     : /msg AverageMovie105 quindi dipende da quante volte lo killi 
16:48 AverageMovie105: /tell ANDREA1720 ok 
16:48 ANDREA1720     : /msg AverageMovie105 l'ultima volta era nudo 
16:48 ANDREA1720     : /msg AverageMovie105 scrivi in privato con kalakko 
16:48 AverageMovie105: non puoi tipparmi das loro
16:48 AverageMovie105: nono
16:48 AverageMovie105: /tell ANDREA1720 ocazzo 
16:48 ANDREA1720     : /msg AverageMovie105 lui sa le coordinate 
16:49 AverageMovie105: /tell kalakko andiamo a killarli 
16:49 ANDREA1720     : /msg AverageMovie105 stai tranquillo, ma non scrivere più in publica 
16:49 AverageMovie105: /tell kalakko avvicinati a loro e fammi tippare 
16:49 kalakko        : /whisper averagemovie105 mmh oki 
16:49 kalakko        : aspi
16:51 kalakko        : dobbiamo andarci così
16:52 kalakko        : /tell averagemovie105 facciamo che passiamo dal nether 
16:52 AverageMovie105: /tell kalakko ok 
16:54 kalakko        : /tell averagemovie105 sono un coglione 
16:55 AverageMovie105: a nquanro si vendono i blocchi di ametista
16:55 ANDREA1720     : boh, vedi su /shop
16:57 kalakko        : se tutto va bene dobbiamo andare a x250
16:58 kalakko        : ah
16:59 kalakko        : hanno quittato :(
16:59 ANDREA1720     : /whisper AverageMovie105 hanno quittato 
16:59 ANDREA1720     : /msg AverageMovie105 mi spiace, sarà per la prossima volta 
17:00 kalakko        : /tell averagemovie105 se vuoi tornare dove eri prima, fai /back 
17:00 AverageMovie105: ok
17:07 ANDREA1720     : Vendo a 5$ il mega cannone (cannone = grande canna, non arma da fuoco) definitivo
17:07 AverageMovie105: che effeti ha
17:07 ANDREA1720     : mi ha fatto talmente tanto effeto che lo ho scordato
17:07 kalakko        : nausea, cecità, morte
17:07 ANDREA1720     : bleffa
17:07 ANDREA1720     : vuole rovinarmi il buisness
17:07 ANDREA1720     : stronzo
17:08 ANDREA1720     : tanto ne puoi prendere anche solo 1
17:08 ANDREA1720     : non te ne pentirai
17:08 kalakko        : io non faccio spettacolo io faccio spettacolo come mio nonno ubriaco nel giorno della mia comunione
17:08 ANDREA1720     : ma il prezzo non è trattabile
17:08 ANDREA1720     : morire sarà impossibile con la mia canna
17:09 AverageMovie105: raga mi serve qualcosa che da haste
17:10 ANDREA1720     : beacon
17:10 AverageMovie105: qualcoda si rapido
17:10 ANDREA1720     : è l'unica
17:10 ANDREA1720     : pozione
17:10 AverageMovie105: non qbbiamo la cocaina
17:10 AverageMovie105: /tell ANDREA1720 bro dimmi come fai i soldi 
17:11 ANDREA1720     : /msg AverageMovie105 segreto industriale 
17:11 AverageMovie105: /tell ANDREA1720 se mi dai un metodo che ne fa fare m9olti ti pago il pizzo 
17:12 ANDREA1720     : /r vedo che già lo conosci... il pizzo è tra le mie principali fonti di guadagno 
17:13 AverageMovie105: /tell ANDREA1720 si ma dimmi il metodso 
17:14 ANDREA1720     : /r se ti fai uccidere ti dico il metodo 
17:14 AverageMovie105: /tell ANDREA1720 percheè 
17:14 ANDREA1720     : /r fatti uccidere e ti spiego tutto 
17:15 ANDREA1720     : /r quindi? 
17:15 AverageMovie105: /tell ANDREA1720 ok 
17:16 AverageMovie105: /tell ANDREA1720 dimmi il metodo 
17:16 ANDREA1720     : /r avevi una taglia da 1k 
17:16 ANDREA1720     : /r controlla le taglie, e vendi gli ore che non usi 
17:17 AverageMovie105: /tell ANDREA1720 non guadagni solo cosi 
17:17 AverageMovie105: /tell ANDREA1720 comne sivedono le taglie 
17:17 ANDREA1720     : /r la maggior parte gli ho fatti così e con il pizzo 
17:17 ANDREA1720     : /r /bounty menu 
17:19 ANDREA1720     : /r poi diciamo che stiamo in una buona zona, ma quella è fortuna 
17:19 AverageMovie105: /tell ANDREA1720 bro mi regali 2k 
17:19 ANDREA1720     : /r per? 
17:20 AverageMovie105: /tell ANDREA1720 perche sei un bravo ragazzo 
17:20 ANDREA1720     : /r con chi stai in gruppo? 
17:20 AverageMovie105: /tell ANDREA1720 gente che comincia a giocare mai 
17:21 ANDREA1720     : /r cosa devi fare con i 2k? 
17:21 AverageMovie105: /tell ANDREA1720 comprare roba, in realta mi nasterebbe che mi procurassi un efficiency 
17:23 kalakko        : domanda per averagemovie105, te vuoi rimanere nel bioma nevoso?
17:23 AverageMovie105: no
17:23 kalakko        : okkk, noi siamo nella giungla
17:24 kalakko        : se vuoi ti faccio una casa qui vicino
17:24 AverageMovie105: nono
17:28 kalakko        :  placed a sign @ world: x-6225, z-3186
  kalakko
17:28 kalakko        :  placed a sign @ world: x-6225, z-3187
  ANDREA1720
17:28 kalakko        :  placed a sign @ world: x-6225, z-3188
  Cicciobomba_9
17:28 kalakko        :  placed a sign @ world: x-6222, z-3189
  Fabio P.
17:29 ANDREA1720     : Herobrine-FP
17:29 kalakko        :  placed a sign @ world: x-6222, z-3189
  Herobrine-FP
17:33 ANDREA1720     :  placed a sign @ world: x-6222, z-3189
  Herobrine_FP
17:34 ANDREA1720     : AverageMovie105 ti serve la notte o posso dormire?
17:34 AverageMovie105: dormi
17:36 AverageMovie105: /tell ANDREA1720 hai 5 livelli di exp, ti pago 50 
17:36 ANDREA1720     : /r facciamo 100, ma non so come darteli precisi 5 
17:37 ANDREA1720     : a che livello stai tu?
17:37 AverageMovie105: /tell ANDREA1720 1 
17:37 ANDREA1720     : ok un sec
17:38 AverageMovie105: rifai
17:39 ANDREA1720     : avevamo detto 100
17:39 ANDREA1720     : puoi scrivere in publica tanto siamo solo noi 3
17:39 kalakko        : fate 50 e batsa
17:39 kalakko        : da
17:39 AverageMovie105: cmq ho risolto
17:39 ANDREA1720     : quindi li vuoi o no?
17:39 AverageMovie105: no
17:41 ANDREA1720     : hai stringhe AverageMovie105?
17:41 AverageMovie105: nope
17:41 ANDREA1720     : va bene
17:43 kalakko        :  placed a sign @ world: x-6337, z-3251
  !ATTENZIONE!
  In codesta cava
  si celano figuri
  che l'infestano
17:44 kalakko        :  placed a sign @ world: x-6341, z-3250
  negri
  morite
  terrorni
17:44 ANDREA1720     : AverageMovie105 mi devi dire qualcosa?
17:44 AverageMovie105: no perche
17:44 ANDREA1720     : perfetto
17:45 kalakko        : /whisper averagemovie105 attento, ti stanno spiando... 
17:45 AverageMovie105: /tell kalakko tanto nomn sto facedo nulla di male 
17:46 ANDREA1720     : sappi che l'anticheat ti sta reportando
17:46 kalakko        : mmmmmmmmmmmmmmmmmmmmmmmmmh
17:46 AverageMovie105: si ma vieni a vedere
17:46 AverageMovie105: non sto facend nulla di male
17:46 kalakko        : l'ha già fatto
17:46 ANDREA1720     : ho già fatto quello che devo fare
17:46 AverageMovie105: sto solo scavando con efficiency
17:50 AverageMovie105: quindi
17:50 ANDREA1720     : niente
17:51 AverageMovie105: che sto facebndo di male
17:51 ANDREA1720     : semra niente
17:51 ANDREA1720     : devo riavviare un sec il server
17:51 ANDREA1720     : fra massimo 5 min prova a rientrare
17:51 AverageMovie105: puopi aspettare 10 min
17:51 ANDREA1720     : no mi dispiace è urgente
17:51 AverageMovie105: che fra poco devo andate
