14:24 ANDREA1720: di cosa?
14:33 AverageMovie105: voi che state facendo
14:34 ANDREA1720     : buisness
14:35 AverageMovie105: avete uno spawner giusto?
14:36 ANDREA1720     : no, costa troppo per i miei gusti
14:36 AverageMovie105: mh
14:36 AverageMovie105: meh che stai facendo allore, tabnto tu sai come guadagno
14:36 ANDREA1720     : in realtà stiamo decidendo
14:36 ANDREA1720     : cerchiamo su YT
14:37 AverageMovie105: okk
14:39 AverageMovie105: e se stessimo in chiamata su ds, potremmo fare una piccola alleanza contro le altre fazioni
14:40 ANDREA1720     : vieni per noi non c'è problema
14:59 ANDREA1720     :  placed a sign @ world: x-6243, z-3183
  |
  |
  |
  \/
15:04 kalakko        : /whisper ANDREA1720 secondo me conviene vendere le string e non la lana 
15:41 ANDREA1720: /whisper Herobrine_FP /sellall WHITE_WOOL 
15:48 ANDREA1720: t/gpsend-all ANDREA1720
15:48 ANDREA1720: t/gpsend-all ANDREA1720
15:53 ANDREA1720: t/gpsend ANDREA1720 quanti blocchi hai
16:06 Herobrine_FP:  placed a sign @ world: x-6238, z-3211
  casa di alessio
16:12 kalakko     : t/pay averagemovie105 colcazzo
16:46 AverageMovie105: /tell ANDREA1720 vuoi che uccida daniele? 
16:46 ANDREA1720     : /r nah, non ha nulla 
16:53 ANDREA1720     : t/baltop
17:01 kalakko        :  placed a sign @ world: x-6241, z-3194
  letto di
  kalakko
17:02 kalakko        :  placed a sign @ world: x-6240, z-3194
  letto di
  Cicciobomba_9
17:02 kalakko        :  placed a sign @ world: x-6234, z-3194
  letto di
  Herobrine_FP
17:08 ANDREA1720     : /whisper AverageMovie105 1k se lo killi 
17:08 ANDREA1720     : /whisper AverageMovie105 2k se lo killi 
17:10 ANDREA1720     : /whisper delinead 5k se lo killi 
17:13 ANDREA1720     : 3250.99
17:15 ANDREA1720     : ci siete?
17:15 ANDREA1720     : mi ha disconesso discord
17:15 Herobrine_FP   : lag
17:16 ANDREA1720     : AverageMovie105 o cacci 3551 o ti banno perma
17:16 AverageMovie105: nono
17:16 ANDREA1720     : per dirottamento asta
17:16 ANDREA1720     : decidi
17:16 AverageMovie105: io ho rifatto l'offerta
17:16 ANDREA1720     : no, non puoi abbasarla
17:16 AverageMovie105: e ha detto di o
17:16 ANDREA1720     : o paghi o ban
17:16 ANDREA1720     : veloce
17:16 AverageMovie105: si ma parla
17:17 ANDREA1720     : ma a voi funzioan DS?
17:17 ANDREA1720     : a me non va
17:17 delinead       : percia quanto mi offri
17:17 delinead       : oooo
17:17 ANDREA1720     : non mi funge
17:17 ANDREA1720     : discord
17:18 ANDREA1720     : Ale
17:18 ANDREA1720     : vieni su TS
17:18 AverageMovie105: /tell ANDREA1720 bro questo è un po abuso di potere, non mi serve più l'esperienza 
17:19 ANDREA1720     : cazzo significa
17:19 ANDREA1720     : hai dirottato un'asta
17:19 kalakko        : che vuol di
17:19 AverageMovie105: no
17:19 ANDREA1720     : Ale vieni su TS
17:19 delinead       : quando mi vuoi offrite tu
17:19 kalakko        : chi ale
17:19 AverageMovie105: dai quanto vuoi tu
17:19 AverageMovie105: io mi tiro fuori
17:19 ANDREA1720     : a daniele
17:19 ANDREA1720     : 3551
17:19 ANDREA1720     : per i livelli
17:19 delinead       : ok
17:19 ANDREA1720     : come d'accordo
17:20 ANDREA1720     : Ale vieni su TS, non mi va Ds
17:20 AverageMovie105: e ppi la mia offeeta era di 3251
17:20 kalakko        : ok
17:20 ANDREA1720     : e allora pagagli questo
17:21 AverageMovie105: ci siamo messi d'accordo per un'altra cifrta
17:21 AverageMovie105: e ha accettato
17:23 ANDREA1720     : Ale torna su DS
17:26 AverageMovie105: /tell ANDREA1720 mi dai qualcosa per ammazzarlo 
17:29 Herobrine_FP   : sesso gay
17:29 delinead       : seeeeeeeeee
17:34 ANDREA1720     : /whisper AverageMovie105 ma stai da daniele? 
17:48 kalakko        : messaggio per delinead, ciupa
18:01 kalakko        :  placed a sign @ world: x-6233, z-3194
  letto di
  ANDREA1720
