13:41 ANDREA1720: FilmMediocre105
13:41 ANDREA1720: ma che piacere
13:42 AverageMovie105: vero
13:42 AverageMovie105: mi dai 10 k?
13:42 ANDREA1720     : cor cazzo
13:42 ANDREA1720     : non sprechero 50 secondi della mia farm
13:42 AverageMovie105: dai
13:43 ANDREA1720     : ma la prima cosa a cui pensi appena entrato e chiedermi 10k
13:43 AverageMovie105: si
13:43 ANDREA1720     : siamo noi la mafia che fa il pizzo
13:43 ANDREA1720     : non tu
13:43 ANDREA1720     : se vuoi la mia protezione (da me stesso) 20k
13:43 AverageMovie105: dai perfavore
13:43 ANDREA1720     : altrimenti reputami un tuo nemico
13:44 ANDREA1720     : ti vuoi mettere contro di me? perfetto
13:44 AverageMovie105: no no
13:44 ANDREA1720     : stai tranquillo, dammi il tempo di puntare i canonni
13:45 AverageMovie105: nono
13:45 AverageMovie105: mi vanno bene anche 5k
13:45 ANDREA1720     : ho trovato qualcosa che ti piaceva
13:46 AverageMovie105: cosa
13:46 ANDREA1720     : fai attenzione
13:46 AverageMovie105: di
13:46 AverageMovie105: vieni su ds
13:46 ANDREA1720     : ma certament
14:08 ANDREA1720     : do 1k per un bichiere (secchio) di latte
14:11 ANDREA1720     : AverageMovie105 fai attenzione sopra di te
14:11 AverageMovie105: okk
14:33 ANDREA1720     : /msg kalakko qua non c'è null 
14:59 kalakko        : /whisper averagemovie105 can you accettare tpa? 
14:59 AverageMovie105: NO
14:59 kalakko        : :(
15:00 kalakko        : pourquoi?
15:09 ANDREA1720     : /whisper kalakko fagli prendere la taglia, come segno di alleanza 
15:09 ANDREA1720     : Scappi pezzo di merda?
15:11 ANDREA1720     : /whisper kalakko assicurati di avere l'armatura però 
15:11 ANDREA1720     : /whisper kalakko altrimenti è SUS 
15:12 ANDREA1720     : /whisper se non ti vogliono, digli che hai ancora accesso a claim 
15:12 ANDREA1720     : /whisper kalakko se non ti vogliono, digli che hai ancora accesso a claim 
15:13 ANDREA1720     : /whisper kalakko fammi sapere qualcosa, grazie 
15:14 kalakko        : /r non vuole accettare l'alleanza 
15:14 ANDREA1720     : vendo schiavo a 20k! (attenzione ogni tanto fugge)
15:14 ANDREA1720     : /r why? 
15:14 kalakko        : /r vuole sapere della farm 
15:14 kalakko        : /r e basta 
15:14 ANDREA1720     : /r digli che prima vuoi essere accolto 
15:14 ANDREA1720     : /r o ti accolgono o nulla 
15:15 ANDREA1720     : pecorella, dove sei?
15:15 ANDREA1720     : /r offrili 30k, se se li prendono ti ripago 
15:16 ANDREA1720     : /r vengo un sec su MC1 che se no è sus 
15:17 ANDREA1720     : /r offrigliela tu la cosa di diamante 
15:17 kalakko        : /r non si può 
15:17 ANDREA1720     : /r fare cosa? 
15:18 kalakko        : /r mo si parlano tra loro 
15:18 ANDREA1720     : /r che significa? stanno decidendo? 
15:18 kalakko        : /r non vuole darmi neanche il tpa 
15:18 ANDREA1720     : /r che significa si parlano tra loro? 
15:18 kalakko        : /r non so, ha detto vattene che dobbiamo parlare 
15:19 ANDREA1720     : /r alza a 50k, scrivi in privato 
15:19 kalakko        : /r ma io sto nella foresta dei funghi haha 
15:19 kalakko        : /r aspe 
15:19 ANDREA1720     : pecoralla dalla lana d'oro
15:19 ANDREA1720     : vieni a farti dosre
15:19 ANDREA1720     : *dosare
15:20 ANDREA1720     : *tosare
15:20 kalakko        : /r ho un idea, gli offro 40k e le coordinate di casa nostra (finte) 
15:20 ANDREA1720     : /r dagli le coordinate di Daniele 
15:21 ANDREA1720     : /r -2000 170 
15:21 ANDREA1720     : /r (sono leggermente modificate e sbagliate) 
15:21 kalakko        : /r stanno là vicino 
15:21 ANDREA1720     : /r intendi le loro coordinate? 
15:21 kalakko        : /r aspi 
15:21 ANDREA1720     : /r inventa numeri a caso 
15:21 ANDREA1720     : /r ma ricordateli 
15:22 kalakko        : /r vabbu te li dico -3600 630 
15:22 ANDREA1720     : /r vb 
15:22 ANDREA1720     : /r anzi 
15:22 ANDREA1720     : /r di al contrario i meno 
15:23 ANDREA1720     : /r vb? 
15:23 ANDREA1720     : /r 3600 -740 
15:25 ANDREA1720     : /r ho un piano 
15:26 ANDREA1720     : /msg kalakko lo hai pagato? 
15:27 ANDREA1720     : /msg kalakko lo hai pagato? 
15:27 kalakko        : /r aspe 
15:27 ANDREA1720     : /msg kalakko ma sei da lui? come fa ad avere 80k? 
15:27 kalakko        : /r aspe sta farmando come un malato 
15:27 ANDREA1720     : /msg kalakko ok, ma ti ha tippato? 
15:28 kalakko        : /r no 
15:30 kalakko        : /whisper averagemovie105 x3600 y-740 
15:31 ANDREA1720     : /r ho bisogno di capire se hanno una base 
15:31 ANDREA1720     : /r non sotterrata 
15:31 kalakko        : /r una farm 
15:31 ANDREA1720     : /r vedi se riesci a fartelo dire? 
15:31 ANDREA1720     : /r di... 
15:31 kalakko        : /r hanno proposto che io gli faccio una casa 
15:31 ANDREA1720     : /r acetta subito 
15:32 ANDREA1720     : /r hanno la nostra stessa farm 
15:32 ANDREA1720     : /r lo so al 100% 
15:32 kalakko        : /r no 
15:32 ANDREA1720     : /r sì 
15:32 ANDREA1720     : /r ho visto dai log 
15:39 ANDREA1720     : /msg kalakko 3025 -1219 
15:41 kalakko        : /r 378 -152 
15:43 ANDREA1720     : /msg kalakko mi serve un flint and steal 
15:43 kalakko        : /r aspe 
15:43 ANDREA1720     : /r fai veloce, PLS 
15:44 ANDREA1720     : colpa mia
15:46 kalakko        : /r hanno palesemente la farm nostra 
15:46 kalakko        : /r cercano uno spawner di ragni 
15:47 kalakko        : /r gli ho chiesto se volevano delle stringhe che avevo preso dai mob e hanno detto un "porcodio" sottovoce 
15:50 kalakko        : /r spostami in una stanza in privato 
15:58 ANDREA1720     : Marck009 sbaglio o l'anticheat ti sta reportando per autocliker'
15:58 ANDREA1720     : *?
15:58 AverageMovie105: nono
15:58 AverageMovie105: tutto a posto
15:58 ANDREA1720     : risposta errata
15:58 Marck009       : sbagli
15:58 AverageMovie105: lo sorveglio io
15:59 ANDREA1720     : chi sà perchè non mi fido
15:59 ANDREA1720     : fai attenzione
15:59 ANDREA1720     : al prossimo report controllo hack
15:59 Marck009       : eh io un piccone di diamante ho
15:59 ANDREA1720     : cazzo mene, cosa hai
15:59 ANDREA1720     : che centra?
16:00 Marck009       : che è veloce
16:00 ANDREA1720     : non funziona così l'autoclicker
16:00 ANDREA1720     : lo sai bene
16:00 ANDREA1720     : poi che coincidenza
16:00 ANDREA1720     : proprio a te che lo ho visto sul desktop
16:00 ANDREA1720     : bah
16:00 Marck009       : sisi molto interessante
16:00 ANDREA1720     : perfetto... controllo hack
16:01 Marck009       : eh lo hai visto mica lo uso
16:01 ANDREA1720     : passa anydesk, lo slog verrà considerato rifiuto controllo hack
16:01 Marck009       : andrea
16:02 ANDREA1720     : rifiuta un altra volta e sarà contato come rifiuto controllo hack
16:03 Marck009       : mi sentite
16:03 ANDREA1720     : no
16:03 ANDREA1720     : rifiuta un altra volta e sarà contato come rifiuto controllo hack
16:03 Marck009       : ho capito
16:03 ANDREA1720     : non mi sembra
16:03 Marck009       : che prove hai
16:03 ANDREA1720     : l'anticheat
16:16 ANDREA1720     : tu AverageMovie105 confermi di non aver beneficiato in nessun modo del cheating del tuo compagno?
16:16 AverageMovie105: no perche non ne ha usati
16:16 AverageMovie105: vieni su ds da noi
16:21 AverageMovie105: come faccio a stare afk
16:21 ANDREA1720     : quitta il game
16:21 ANDREA1720     : è una buona soluzione
16:21 kalakko        : fai alt f4
16:21 AverageMovie105: no tu l'altro giorni ti sei messo afk
16:22 AverageMovie105: oi
16:22 ANDREA1720     : esci dal game, ti mette in automatico lui per mezzora da quando sei uscito
16:22 AverageMovie105: ah ok
16:29 ANDREA1720     : mi senti?
16:29 ANDREA1720     : kalakko
16:29 ANDREA1720     : mi senti?
16:29 kalakko        : sin
16:29 ANDREA1720     : io non ti sento
16:32 ANDREA1720     : /msg kalakko rispondi 
16:32 ANDREA1720     : /msg kalakko sul cell cazzo 
16:32 ANDREA1720     : /msg kalakko ooooooo 
16:32 kalakko        : /r sto su ds 
16:33 ANDREA1720     : /r non ti sento 
16:33 ANDREA1720     : /r non ti sento 
16:33 kalakko        : /r vieni su mc1 
16:35 ANDREA1720     :  placed a sign @ world: x-6240, z-3194
  letto di 
  Alessandro
17:14 AverageMovie105: bro dammi gli 80 k
17:14 ANDREA1720     : non ne ho più
17:14 AverageMovie105: mi si è spento il telefono
17:14 ANDREA1720     : sono diventato povero
17:15 AverageMovie105: ma se hai 400k
17:15 AverageMovie105: o
17:15 AverageMovie105: dammi i soldi
17:15 AverageMovie105: lo avevi detto
17:15 ANDREA1720     : prima ne avvevo più di 500k
17:15 ANDREA1720     : poi avevo detto 50
17:15 kalakko        : non mi fa parlare
17:15 kalakko        : lesgoski
17:15 AverageMovie105: 50k + i miei 30k
17:15 ANDREA1720     : comuqnue sempre che chiedi soldi oh
17:15 kalakko        : ma lunedì sta pure vincenzo?
17:15 ANDREA1720     : IDK
17:16 AverageMovie105: bro mi hai fatti fighare solo per i soldi
17:16 ANDREA1720     : penso di no
17:16 AverageMovie105: vai a farmare e dammeli
17:16 kalakko        : idc
17:16 AverageMovie105: anche i miei 30k
17:16 ANDREA1720     : non rompere le palle, questo è tutto quello che avrai
17:16 kalakko        : io debbo staccare
17:16 AverageMovie105: no
17:16 kalakko        : domani nella chamber comunque eh
17:16 AverageMovie105: andre
17:16 ANDREA1720     : non so se domani avvio il server
17:17 AverageMovie105: perche
17:17 ANDREA1720     : perchè è diventata solo una rottura di coglioni
17:17 AverageMovie105: ah vb io non ci sono
17:17 ANDREA1720     : mi si è pure rotta la farm
17:17 ANDREA1720     : :(
17:17 AverageMovie105: bro mi dai tutti i spldi che hai per il meme
17:17 ANDREA1720     : fallo tu
17:17 AverageMovie105: nono
17:17 ANDREA1720     : per il meme
17:18 AverageMovie105: bello
17:18 ANDREA1720     : ADDIO
17:18 AverageMovie105: aspe
17:18 AverageMovie105: 2 min
