15:25 kalakko   : t/tpaccept
15:49 ItzMarc233it: i player non si potevano atterrare?
15:49 ANDREA1720  : W.I.P.
16:09 ANDREA1720  : ma a voi carica i chunk?
16:09 ItzMarc233it: io ti carico la madre
16:09 ItzMarc233it: come si fa la droga
16:09 ItzMarc233it: neger
16:09 kalakko     : non c'è
16:09 ItzMarc233it: come non c'è
16:09 ANDREA1720  : si che c'è
16:09 ANDREA1720  : non è vero
16:09 ItzMarc233it: come se fa allora
16:09 ANDREA1720  : bleffa
16:09 ANDREA1720  : si sblocca nel nether
16:10 ItzMarc233it: come si fa è la domanda
16:10 ANDREA1720  : ti sblocca il crafting nel nether
16:10 ANDREA1720  : non li so a memoria
16:11 ItzMarc233it: mandami i craft
16:11 ItzMarc233it: voglio drogarmi
16:11 ANDREA1720  : te li fa fare solo se stai nel nether
16:12 kalakko     : negero
16:12 ANDREA1720  : *se sei andato
16:12 ANDREA1720  : non li so
16:12 ANDREA1720  : hai visto che go fatto l'achivment?
16:12 ItzMarc233it: ma perché solo nel nether
16:12 ANDREA1720  : perchè il plugin è fatto così
16:12 ItzMarc233it: eh allora come cazzo li scopro i craft
16:12 kalakko     : (perchè è una scusa del cazzo)
16:12 ANDREA1720  : quando vai nel nether lo capirai
16:15 ANDREA1720  : qualcuno vende l'armatura iniziale?
16:15 ItzMarc233it: io
16:15 ANDREA1720  : a quanto?
16:15 ItzMarc233it: 2 k
16:16 ANDREA1720  : sei malato?
16:16 AverageMovie105: io te la posso vendere in ferro
16:16 kalakko        : stuccazz
16:16 ANDREA1720     : bro, 2k per la pelle?
16:16 ANDREA1720     : la pago di meno allo shop
16:16 ItzMarc233it   : te faccio pure na pompa se vuoi
16:16 ANDREA1720     : 200
16:16 ANDREA1720     : l'offerta
16:16 AverageMovie105: io te la posso vendere in ferro
16:16 ItzMarc233it   : ma vuoi mettere finanziare un piccolo business
16:16 ANDREA1720     : a quanto AverageMovie105?
16:17 AverageMovie105: dimmi quyanto costa un lingotto in ferro
16:17 AverageMovie105: sinceramente pero
16:17 ANDREA1720     : 11 al market
16:17 ANDREA1720     : ovviamente la devi vendere a di meno dal vivo
16:17 ANDREA1720     : in teoria
16:17 AverageMovie105: te la vendo a 500
16:18 ANDREA1720     : costa la metà dallo shop
16:18 ANDREA1720     : perchè dovrei prenderla da te?
16:18 ANDREA1720     : fai i calcoli
16:18 AverageMovie105: de la do a 200
16:18 ANDREA1720     : 170 e hai fatto l'affare
16:19 ANDREA1720     : altrimenti
16:19 AverageMovie105: ok
16:19 ANDREA1720     : facciamo 200, ma ci aggiungi una spada
16:19 AverageMovie105: va bene
16:19 ANDREA1720     : accetta
16:20 ANDREA1720     : t/trade accept
16:20 AverageMovie105: dammi 5 min che cuocio il ferro
16:20 ANDREA1720     : vb
16:20 delinead       : percia per le autorizzazioni
16:20 ANDREA1720     : t/trust
16:20 ANDREA1720     : nome del giocatore
16:20 delinead       : dei clim per quelli della squadra come si fa
16:20 ANDREA1720     : sul claim
16:23 AverageMovie105: percia
16:23 AverageMovie105: fammi il trade
16:23 ANDREA1720     : si ma non mi serve più la spada
16:23 ANDREA1720     : fai 170 senza
16:23 AverageMovie105: ok
16:23 ANDREA1720     : why?
16:24 AverageMovie105: cosa
16:24 AverageMovie105: non ho fatto nulla
16:24 ANDREA1720     : hai rifiutato
16:24 ANDREA1720     : non fare esc
16:26 ANDREA1720     : per chi vuole, vendo torcie (cannoni) in quantità massiva
16:26 ItzMarc233it   : io
16:26 ANDREA1720     : (cannoni = mega canne)
16:26 ANDREA1720     : quante?
16:26 ItzMarc233it   : ik
16:26 ItzMarc233it   : 5
16:26 kalakko        : 200
16:26 ANDREA1720     : io vendo a stack
16:26 kalakko        : now
16:26 kalakko        : 200 stack
16:26 ItzMarc233it   : ma come le hai fatte se non stai nel nether?
16:26 kalakko        : sono torce
16:26 ANDREA1720     : le canne si posso fare
16:26 ItzMarc233it   : come?
16:26 ANDREA1720     : è la droga che si sblocca
16:26 ANDREA1720     : vuoi provare?
16:27 ItzMarc233it   : si?
16:27 kalakko        : mi dai 200 stack?
16:27 ANDREA1720     : 5 euro a canna
16:27 kalakko        : seeeeee sta minchia
16:27 ANDREA1720     : scherzo
16:27 ANDREA1720     : 2.5
16:27 ItzMarc233it   : manco nella vita reale costa così tanto
16:27 ANDREA1720     : 2.5
16:27 ANDREA1720     : 150 a stack
16:27 kalakko        : mmmh
16:28 kalakko        : a 120'
16:28 ANDREA1720     : 140
16:28 kalakko        : 130
16:28 ANDREA1720     : 135.99 è la mia ultima
16:28 kalakko        : 135.98?
16:28 ANDREA1720     : va bene
16:31 ANDREA1720     : cmq, per chi vuole...
16:31 ANDREA1720     : faccio farm di redstone a commissione
16:32 ANDREA1720     : con la redstone, più che di redstone
16:33 ItzMarc233it   : percia mo mi dici come se fa la droga?
16:33 ANDREA1720     : devi andare nel cazzo di nether
16:33 ItzMarc233it   : EH
16:33 ItzMarc233it   : ora parla
16:33 ANDREA1720     : fai una brewing
16:33 ItzMarc233it   : ce l'ho
16:33 ANDREA1720     : nel libro
16:34 ANDREA1720     : stanno i crafting
16:34 ItzMarc233it   : ma non c'è nessun libro
16:34 ANDREA1720     : quello che ti dice i crafting
16:34 ItzMarc233it   : non c'è nel brewing
16:35 ANDREA1720     : non è vero
16:35 ANDREA1720     : lo ho provato
16:35 ItzMarc233it   : porcodio mo vengo in vc
16:49 ItzMarc233it   : fra
16:49 ANDREA1720     : what?
16:49 ItzMarc233it   : come mai la keepinventory ha smesso di funzionare?
16:49 ANDREA1720     : a noi funziona
16:49 ItzMarc233it   : ah perfetto
16:49 ItzMarc233it   : ho perso l'inventario
16:49 ANDREA1720     : esci e rientra
16:52 ANDREA1720     : ripreso?
16:53 ANDREA1720     : vendiamo backpacks
16:53 AverageMovie105: come si craftano
16:54 ANDREA1720     : scoprilo
16:54 kalakko        : secrets
16:54 ANDREA1720     : scoprilo
16:54 ANDREA1720     : noi te lo possiamo vendere
16:54 ANDREA1720     : ti facciamo un prezzo amico
16:54 ANDREA1720     : dato che mi hai dato l'armatura
16:54 ANDREA1720     : ci stai?
16:55 AverageMovie105: considerando che sono 22 blocchi di ferro
16:55 AverageMovie105: lingotti scusamui
16:55 ANDREA1720     : cosa l'armatura?
16:55 AverageMovie105: no il backpack
16:55 ANDREA1720     : però conta che la pelle vale un poì
16:55 ANDREA1720     : però conta che la pelle vale un po'
16:55 AverageMovie105: quanto vale
16:56 ANDREA1720     : non lo so, ma conta che le mucche ne danno poca
16:56 ANDREA1720     : senti guarda
16:56 ANDREA1720     : te lo faccio a 225
16:56 ANDREA1720     : e stai facendo un affare
16:56 AverageMovie105: facciamo 200
16:57 ANDREA1720     : 225 è già molto poco
16:57 ANDREA1720     : scendiamo a 220
16:58 AverageMovie105: facciamo 180 e ti do 10 blast furnace
16:58 AverageMovie105: che ho comprato per sbaglio
16:59 ANDREA1720     : hai qualcos'altro?
16:59 ANDREA1720     : ce ne facciamo poco di 10 blast
16:59 ANDREA1720     : hai oro?
16:59 AverageMovie105: te ne posso dare anche 30 ma lo zaino scende a 150
17:00 ANDREA1720     : il problema
17:00 ANDREA1720     : non sono 10
17:00 ANDREA1720     : ma le blast
17:00 AverageMovie105: sono 30 blast
17:00 kalakko        : /tell AverageMovie105 pigliati quel backpack 
17:01 ANDREA1720     : vuoi fare 30 blast + 170?
17:01 AverageMovie105: 30 blast + 150
17:02 ANDREA1720     : mi vuoi dire che per te una blast vale più di 10$?
17:02 AverageMovie105: va ben 30 blast + 160
17:02 ANDREA1720     : facciamo 164.99
17:02 AverageMovie105: vedi che una blast vale 13
17:03 AverageMovie105: an no
17:03 AverageMovie105: 74
17:03 ANDREA1720     : a comprarla
17:03 AverageMovie105: se la compri
17:03 ANDREA1720     : a venderla costa meno di 10
17:03 AverageMovie105: ecco
17:03 AverageMovie105: 9
17:03 ANDREA1720     : 164.99 + 30 blast
17:03 AverageMovie105: ok
17:04 ANDREA1720     : grazie del centesimo
17:05 ANDREA1720     : me lo ricordero
